TN:
SF:src\main\middle\logInCheck.js
FN:1,(anonymous_0)
FN:9,(anonymous_1)
FNF:2
FNH:2
FNDA:1,(anonymous_0)
FNDA:1,(anonymous_1)
DA:1,1
DA:2,1
DA:3,1
DA:5,0
DA:9,1
DA:10,1
DA:11,1
DA:13,0
DA:14,0
LF:9
LH:6
BRDA:2,0,0,1
BRDA:2,0,1,0
BRDA:10,1,0,1
BRDA:10,1,1,0
BRF:4
BRH:2
end_of_record
TN:
SF:src\main\models\user.js
FN:4,(anonymous_0)
FN:40,(anonymous_1)
FNF:2
FNH:0
FNDA:0,(anonymous_0)
FNDA:0,(anonymous_1)
DA:1,1
DA:5,0
DA:41,0
DA:42,0
DA:47,0
DA:52,0
DA:56,1
LF:7
LH:2
BRF:0
BRH:0
end_of_record
TN:
SF:src\main\web\user\userSvc.js
FN:3,(anonymous_0)
FN:6,(anonymous_1)
FN:10,(anonymous_2)
FNF:3
FNH:1
FNDA:0,(anonymous_0)
FNDA:0,(anonymous_1)
FNDA:3,(anonymous_2)
DA:1,1
DA:3,1
DA:4,0
DA:6,1
DA:7,0
DA:10,1
DA:11,3
DA:12,3
DA:13,2
DA:14,1
DA:15,1
DA:16,1
DA:18,1
DA:19,1
LF:14
LH:12
BRDA:13,0,0,1
BRDA:13,0,1,1
BRF:2
BRH:2
end_of_record
